<?xml version="1.0" encoding="utf-8" standalone="no"?>
<!--This file represents the results of running a test suite-->
<test-results name="/Users/orangexception/exercism/csharp/anagram/output/Anagram.dll" total="9" errors="0" failures="0" not-run="0" inconclusive="0" ignored="0" skipped="0" invalid="0" date="2014-11-10" time="22:55:40">
  <environment nunit-version="2.6.3.13283" clr-version="2.0.50727.1433" os-version="Unix 13.4.0.0" platform="Unix" cwd="/Users/orangexception/exercism/csharp/anagram" machine-name="BRADLEYs-MacBook-Pro.local" user="orangexception" user-domain="BRADLEYs-MacBook-Pro.local" />
  <culture-info current-culture="en-US" current-uiculture="en-US" />
  <test-suite type="Assembly" name="/Users/orangexception/exercism/csharp/anagram/output/Anagram.dll" executed="True" result="Success" success="True" time="0.036" asserts="0">
    <results>
      <test-suite type="TestFixture" name="AnagramTest" executed="True" result="Success" success="True" time="0.029" asserts="0">
        <results>
          <test-case name="AnagramTest.Anagrams_are_case_insensitive" executed="True" result="Success" success="True" time="0.012" asserts="1" />
          <test-case name="AnagramTest.Detect_anagrams" executed="True" result="Success" success="True" time="0.001" asserts="1" />
          <test-case name="AnagramTest.Detect_multiple_anagrams" executed="True" result="Success" success="True" time="0.000" asserts="1" />
          <test-case name="AnagramTest.Detect_simple_anagram" executed="True" result="Success" success="True" time="0.000" asserts="1" />
          <test-case name="AnagramTest.Does_not_confuse_different_duplicates" executed="True" result="Success" success="True" time="0.000" asserts="1" />
          <test-case name="AnagramTest.Eliminate_anagram_subsets" executed="True" result="Success" success="True" time="0.000" asserts="1" />
          <test-case name="AnagramTest.Eliminate_anagrams_with_same_checksum" executed="True" result="Success" success="True" time="0.000" asserts="1" />
          <test-case name="AnagramTest.Identical_word_is_not_anagram" executed="True" result="Success" success="True" time="0.000" asserts="1" />
          <test-case name="AnagramTest.No_matches" executed="True" result="Success" success="True" time="0.000" asserts="1" />
        </results>
      </test-suite>
    </results>
  </test-suite>
</test-results>