<?xml version="1.0" encoding="utf-8" standalone="no"?>
<!--This file represents the results of running a test suite-->
<test-results name="/Users/orangexception/exercism/csharp/strain/output/Strain.dll" total="12" errors="0" failures="0" not-run="0" inconclusive="0" ignored="0" skipped="0" invalid="0" date="2014-11-16" time="21:57:13">
  <environment nunit-version="2.6.3.13283" clr-version="2.0.50727.1433" os-version="Unix 13.4.0.0" platform="Unix" cwd="/Users/orangexception/exercism/csharp/strain" machine-name="BRADLEYs-MacBook-Pro.local" user="orangexception" user-domain="BRADLEYs-MacBook-Pro.local" />
  <culture-info current-culture="en-US" current-uiculture="en-US" />
  <test-suite type="Assembly" name="/Users/orangexception/exercism/csharp/strain/output/Strain.dll" executed="True" result="Success" success="True" time="0.048" asserts="0">
    <results>
      <test-suite type="TestFixture" name="StrainTest" executed="True" result="Success" success="True" time="0.041" asserts="0">
        <results>
          <test-case name="StrainTest.Discard_arrays" executed="True" result="Success" success="True" time="0.014" asserts="1" />
          <test-case name="StrainTest.Discard_first_and_last" executed="True" result="Success" success="True" time="0.001" asserts="1" />
          <test-case name="StrainTest.Discard_neither_first_nor_last" executed="True" result="Success" success="True" time="0.001" asserts="1" />
          <test-case name="StrainTest.Discard_nothing" executed="True" result="Success" success="True" time="0.003" asserts="1" />
          <test-case name="StrainTest.Discard_strings" executed="True" result="Success" success="True" time="0.001" asserts="1" />
          <test-case name="StrainTest.Empty_discard" executed="True" result="Success" success="True" time="0.001" asserts="1" />
          <test-case name="StrainTest.Empty_keep" executed="True" result="Success" success="True" time="0.000" asserts="1" />
          <test-case name="StrainTest.Keep_arrays" executed="True" result="Success" success="True" time="0.001" asserts="1" />
          <test-case name="StrainTest.Keep_everything" executed="True" result="Success" success="True" time="0.000" asserts="1" />
          <test-case name="StrainTest.Keep_first_and_last" executed="True" result="Success" success="True" time="0.000" asserts="1" />
          <test-case name="StrainTest.Keep_neither_first_nor_last" executed="True" result="Success" success="True" time="0.000" asserts="1" />
          <test-case name="StrainTest.Keep_strings" executed="True" result="Success" success="True" time="0.000" asserts="1" />
        </results>
      </test-suite>
    </results>
  </test-suite>
</test-results>