<?xml version="1.0" encoding="utf-8" standalone="no"?>
<!--This file represents the results of running a test suite-->
<test-results name="/Users/orangexception/exercism/csharp/atbash-cipher/output/Atbash.dll" total="7" errors="0" failures="0" not-run="0" inconclusive="0" ignored="0" skipped="0" invalid="0" date="2014-11-16" time="22:26:17">
  <environment nunit-version="2.6.3.13283" clr-version="2.0.50727.1433" os-version="Unix 13.4.0.0" platform="Unix" cwd="/Users/orangexception/exercism/csharp/atbash-cipher" machine-name="BRADLEYs-MacBook-Pro.local" user="orangexception" user-domain="BRADLEYs-MacBook-Pro.local" />
  <culture-info current-culture="en-US" current-uiculture="en-US" />
  <test-suite type="Assembly" name="/Users/orangexception/exercism/csharp/atbash-cipher/output/Atbash.dll" executed="True" result="Success" success="True" time="0.034" asserts="0">
    <results>
      <test-suite type="TestFixture" name="AtbashTest" executed="True" result="Success" success="True" time="0.028" asserts="0">
        <results>
          <test-suite type="ParameterizedTest" name="Encodes_words_using_atbash_cipher" executed="True" result="Success" success="True" time="0.024" asserts="0">
            <results>
              <test-case name="AtbashTest.Encodes_words_using_atbash_cipher(&quot;The quick brown fox jumps over the lazy dog.&quot;)" executed="True" result="Success" success="True" time="0.010" asserts="1" />
              <test-case name="AtbashTest.Encodes_words_using_atbash_cipher(&quot;Truth is fiction.&quot;)" executed="True" result="Success" success="True" time="0.000" asserts="1" />
              <test-case name="AtbashTest.Encodes_words_using_atbash_cipher(&quot;Testing, 1 2 3, testing.&quot;)" executed="True" result="Success" success="True" time="0.000" asserts="1" />
              <test-case name="AtbashTest.Encodes_words_using_atbash_cipher(&quot;mindblowingly&quot;)" executed="True" result="Success" success="True" time="0.000" asserts="1" />
              <test-case name="AtbashTest.Encodes_words_using_atbash_cipher(&quot;OMG&quot;)" executed="True" result="Success" success="True" time="0.000" asserts="1" />
              <test-case name="AtbashTest.Encodes_words_using_atbash_cipher(&quot;yes&quot;)" executed="True" result="Success" success="True" time="0.000" asserts="1" />
              <test-case name="AtbashTest.Encodes_words_using_atbash_cipher(&quot;no&quot;)" executed="True" result="Success" success="True" time="0.000" asserts="1" />
            </results>
          </test-suite>
        </results>
      </test-suite>
    </results>
  </test-suite>
</test-results>