<?xml version="1.0" encoding="utf-8" standalone="no"?>
<!--This file represents the results of running a test suite-->
<test-results name="/Users/orangexception/exercism/csharp/nucleotide-count/output/DNA.dll" total="8" errors="0" failures="0" not-run="0" inconclusive="0" ignored="0" skipped="0" invalid="0" date="2014-11-11" time="13:08:25">
  <environment nunit-version="2.6.3.13283" clr-version="2.0.50727.1433" os-version="Unix 13.4.0.0" platform="Unix" cwd="/Users/orangexception/exercism/csharp/nucleotide-count" machine-name="BRADLEYs-MacBook-Pro.local" user="orangexception" user-domain="BRADLEYs-MacBook-Pro.local" />
  <culture-info current-culture="en-US" current-uiculture="en-US" />
  <test-suite type="Assembly" name="/Users/orangexception/exercism/csharp/nucleotide-count/output/DNA.dll" executed="True" result="Success" success="True" time="0.046" asserts="0">
    <results>
      <test-suite type="TestFixture" name="NucleoTideCountTest" executed="True" result="Success" success="True" time="0.039" asserts="0">
        <results>
          <test-case name="NucleoTideCountTest.Counts_a_nucleotide_only_once" executed="True" result="Success" success="True" time="0.013" asserts="1" />
          <test-case name="NucleoTideCountTest.Counts_all_nucleotides" executed="True" result="Success" success="True" time="0.005" asserts="1" />
          <test-case name="NucleoTideCountTest.Counts_only_thymidine" executed="True" result="Success" success="True" time="0.000" asserts="1" />
          <test-case name="NucleoTideCountTest.Has_no_adenosine" executed="True" result="Success" success="True" time="0.000" asserts="1" />
          <test-case name="NucleoTideCountTest.Has_no_nucleotides" executed="True" result="Success" success="True" time="0.000" asserts="1" />
          <test-case name="NucleoTideCountTest.Repetitive_cytidine_gets_counts" executed="True" result="Success" success="True" time="0.000" asserts="1" />
          <test-case name="NucleoTideCountTest.Repetitive_sequence_has_only_guanosine" executed="True" result="Success" success="True" time="0.000" asserts="1" />
          <test-case name="NucleoTideCountTest.Validates_nucleotides" executed="True" result="Success" success="True" time="0.002" asserts="1" />
        </results>
      </test-suite>
    </results>
  </test-suite>
</test-results>