<?xml version="1.0" encoding="utf-8" standalone="no"?>
<!--This file represents the results of running a test suite-->
<test-results name="/Users/orangexception/exercism/csharp/grade-school/output/School.dll" total="7" errors="0" failures="0" not-run="0" inconclusive="0" ignored="0" skipped="0" invalid="0" date="2014-11-11" time="10:53:25">
  <environment nunit-version="2.6.3.13283" clr-version="2.0.50727.1433" os-version="Unix 13.4.0.0" platform="Unix" cwd="/Users/orangexception/exercism/csharp/grade-school" machine-name="BRADLEYs-MacBook-Pro.local" user="orangexception" user-domain="BRADLEYs-MacBook-Pro.local" />
  <culture-info current-culture="en-US" current-uiculture="en-US" />
  <test-suite type="Assembly" name="/Users/orangexception/exercism/csharp/grade-school/output/School.dll" executed="True" result="Success" success="True" time="0.041" asserts="0">
    <results>
      <test-suite type="TestFixture" name="GradeSchoolTest" executed="True" result="Success" success="True" time="0.036" asserts="0">
        <results>
          <test-case name="GradeSchoolTest.Adding_a_student_adds_them_to_the_roster_for_the_given_grade" executed="True" result="Success" success="True" time="0.016" asserts="1" />
          <test-case name="GradeSchoolTest.Adding_more_students_to_the_same_grade_adds_them_to_the_roster" executed="True" result="Success" success="True" time="0.000" asserts="1" />
          <test-case name="GradeSchoolTest.Adding_students_to_different_grades_adds_them_to_the_roster" executed="True" result="Success" success="True" time="0.000" asserts="2" />
          <test-case name="GradeSchoolTest.Grade_returns_an_empty_list_if_there_are_no_students_in_that_grade" executed="True" result="Success" success="True" time="0.000" asserts="1" />
          <test-case name="GradeSchoolTest.Grade_returns_the_students_in_that_grade_in_alphabetical_order" executed="True" result="Success" success="True" time="0.000" asserts="1" />
          <test-case name="GradeSchoolTest.New_school_has_an_empty_roster" executed="True" result="Success" success="True" time="0.005" asserts="1" />
          <test-case name="GradeSchoolTest.Student_names_in_each_grade_in_roster_are_sorted" executed="True" result="Success" success="True" time="0.001" asserts="3" />
        </results>
      </test-suite>
    </results>
  </test-suite>
</test-results>