<?xml version="1.0" encoding="utf-8" standalone="no"?>
<!--This file represents the results of running a test suite-->
<test-results name="/Users/orangexception/exercism/csharp/bob/output/Bob.dll" total="17" errors="0" failures="0" not-run="0" inconclusive="0" ignored="0" skipped="0" invalid="0" date="2014-11-10" time="16:44:21">
  <environment nunit-version="2.6.3.13283" clr-version="2.0.50727.1433" os-version="Unix 13.4.0.0" platform="Unix" cwd="/Users/orangexception/exercism/csharp/bob" machine-name="BRADLEYs-MacBook-Pro.local" user="orangexception" user-domain="BRADLEYs-MacBook-Pro.local" />
  <culture-info current-culture="en-US" current-uiculture="en-US" />
  <test-suite type="Assembly" name="/Users/orangexception/exercism/csharp/bob/output/Bob.dll" executed="True" result="Success" success="True" time="0.040" asserts="0">
    <results>
      <test-suite type="TestFixture" name="BobTest" executed="True" result="Success" success="True" time="0.034" asserts="0">
        <results>
          <test-case name="BobTest.Asking_a_numeric_question" executed="True" result="Success" success="True" time="0.012" asserts="1" />
          <test-case name="BobTest.Asking_a_question" executed="True" result="Success" success="True" time="0.000" asserts="1" />
          <test-case name="BobTest.Forceful_questions" executed="True" result="Success" success="True" time="0.000" asserts="1" />
          <test-case name="BobTest.Multiple_line_question" executed="True" result="Success" success="True" time="0.000" asserts="1" />
          <test-case name="BobTest.Only_numbers" executed="True" result="Success" success="True" time="0.000" asserts="1" />
          <test-case name="BobTest.Prattling_on" executed="True" result="Success" success="True" time="0.000" asserts="1" />
          <test-case name="BobTest.Prolonged_silence" executed="True" result="Success" success="True" time="0.000" asserts="1" />
          <test-case name="BobTest.Question_with_only_numbers" executed="True" result="Success" success="True" time="0.000" asserts="1" />
          <test-case name="BobTest.Shouting" executed="True" result="Success" success="True" time="0.000" asserts="1" />
          <test-case name="BobTest.Shouting_numbers" executed="True" result="Success" success="True" time="0.000" asserts="1" />
          <test-case name="BobTest.Shouting_with_no_exclamation_mark" executed="True" result="Success" success="True" time="0.000" asserts="1" />
          <test-case name="BobTest.Shouting_with_special_characters" executed="True" result="Success" success="True" time="0.000" asserts="1" />
          <test-case name="BobTest.Silence" executed="True" result="Success" success="True" time="0.000" asserts="1" />
          <test-case name="BobTest.Statement_containing_question_mark" executed="True" result="Success" success="True" time="0.000" asserts="1" />
          <test-case name="BobTest.Stating_something" executed="True" result="Success" success="True" time="0.000" asserts="1" />
          <test-case name="BobTest.Talking_forcefully" executed="True" result="Success" success="True" time="0.000" asserts="1" />
          <test-case name="BobTest.Using_acronyms_in_regular_search" executed="True" result="Success" success="True" time="0.000" asserts="1" />
        </results>
      </test-suite>
    </results>
  </test-suite>
</test-results>