<?xml version="1.0" encoding="utf-8" standalone="no"?>
<!--This file represents the results of running a test suite-->
<test-results name="/Users/orangexception/exercism/csharp/allergies/output/Allergies.dll" total="10" errors="0" failures="0" not-run="0" inconclusive="0" ignored="0" skipped="0" invalid="0" date="2014-11-12" time="16:59:02">
  <environment nunit-version="2.6.3.13283" clr-version="2.0.50727.1433" os-version="Unix 13.4.0.0" platform="Unix" cwd="/Users/orangexception/exercism/csharp/allergies" machine-name="BRADLEYs-MacBook-Pro.local" user="orangexception" user-domain="BRADLEYs-MacBook-Pro.local" />
  <culture-info current-culture="en-US" current-uiculture="en-US" />
  <test-suite type="Assembly" name="/Users/orangexception/exercism/csharp/allergies/output/Allergies.dll" executed="True" result="Success" success="True" time="0.040" asserts="0">
    <results>
      <test-suite type="TestFixture" name="AllergiesTest" executed="True" result="Success" success="True" time="0.033" asserts="0">
        <results>
          <test-case name="AllergiesTest.Allergic_to_eggs" executed="True" result="Success" success="True" time="0.008" asserts="1" />
          <test-case name="AllergiesTest.Allergic_to_eggs_and_peanuts" executed="True" result="Success" success="True" time="0.004" asserts="1" />
          <test-case name="AllergiesTest.Allergic_to_eggs_in_addition_to_other_stuff" executed="True" result="Success" success="True" time="0.001" asserts="3" />
          <test-case name="AllergiesTest.Allergic_to_everything" executed="True" result="Success" success="True" time="0.000" asserts="1" />
          <test-case name="AllergiesTest.Allergic_to_just_eggs" executed="True" result="Success" success="True" time="0.000" asserts="1" />
          <test-case name="AllergiesTest.Allergic_to_just_peanuts" executed="True" result="Success" success="True" time="0.000" asserts="1" />
          <test-case name="AllergiesTest.Allergic_to_lots_of_stuff" executed="True" result="Success" success="True" time="0.000" asserts="1" />
          <test-case name="AllergiesTest.Ignore_non_allergen_score_parts" executed="True" result="Success" success="True" time="0.000" asserts="1" />
          <test-case name="AllergiesTest.No_allergies_at_all" executed="True" result="Success" success="True" time="0.002" asserts="1" />
          <test-case name="AllergiesTest.No_allergies_means_not_allergic" executed="True" result="Success" success="True" time="0.000" asserts="3" />
        </results>
      </test-suite>
    </results>
  </test-suite>
</test-results>