<?xml version="1.0" encoding="utf-8" standalone="no"?>
<!--This file represents the results of running a test suite-->
<test-results name="/Users/orangexception/exercism/csharp/roman-numerals/output/RomanNumerals.dll" total="19" errors="0" failures="0" not-run="0" inconclusive="0" ignored="0" skipped="0" invalid="0" date="2014-11-12" time="12:39:08">
  <environment nunit-version="2.6.3.13283" clr-version="2.0.50727.1433" os-version="Unix 13.4.0.0" platform="Unix" cwd="/Users/orangexception/exercism/csharp/roman-numerals" machine-name="BRADLEYs-MacBook-Pro.local" user="orangexception" user-domain="BRADLEYs-MacBook-Pro.local" />
  <culture-info current-culture="en-US" current-uiculture="en-US" />
  <test-suite type="Assembly" name="/Users/orangexception/exercism/csharp/roman-numerals/output/RomanNumerals.dll" executed="True" result="Success" success="True" time="0.043" asserts="0">
    <results>
      <test-suite type="TestFixture" name="RomanNumeralsTest" executed="True" result="Success" success="True" time="0.036" asserts="0">
        <results>
          <test-suite type="ParameterizedTest" name="Convert_roman_to_arabic_numerals" executed="True" result="Success" success="True" time="0.033" asserts="0">
            <results>
              <test-case name="RomanNumeralsTest.Convert_roman_to_arabic_numerals(3000)" executed="True" result="Success" success="True" time="0.012" asserts="1" />
              <test-case name="RomanNumeralsTest.Convert_roman_to_arabic_numerals(1024)" executed="True" result="Success" success="True" time="0.000" asserts="1" />
              <test-case name="RomanNumeralsTest.Convert_roman_to_arabic_numerals(911)" executed="True" result="Success" success="True" time="0.000" asserts="1" />
              <test-case name="RomanNumeralsTest.Convert_roman_to_arabic_numerals(575)" executed="True" result="Success" success="True" time="0.000" asserts="1" />
              <test-case name="RomanNumeralsTest.Convert_roman_to_arabic_numerals(402)" executed="True" result="Success" success="True" time="0.000" asserts="1" />
              <test-case name="RomanNumeralsTest.Convert_roman_to_arabic_numerals(163)" executed="True" result="Success" success="True" time="0.000" asserts="1" />
              <test-case name="RomanNumeralsTest.Convert_roman_to_arabic_numerals(141)" executed="True" result="Success" success="True" time="0.000" asserts="1" />
              <test-case name="RomanNumeralsTest.Convert_roman_to_arabic_numerals(93)" executed="True" result="Success" success="True" time="0.000" asserts="1" />
              <test-case name="RomanNumeralsTest.Convert_roman_to_arabic_numerals(59)" executed="True" result="Success" success="True" time="0.000" asserts="1" />
              <test-case name="RomanNumeralsTest.Convert_roman_to_arabic_numerals(48)" executed="True" result="Success" success="True" time="0.000" asserts="1" />
              <test-case name="RomanNumeralsTest.Convert_roman_to_arabic_numerals(27)" executed="True" result="Success" success="True" time="0.000" asserts="1" />
              <test-case name="RomanNumeralsTest.Convert_roman_to_arabic_numerals(9)" executed="True" result="Success" success="True" time="0.000" asserts="1" />
              <test-case name="RomanNumeralsTest.Convert_roman_to_arabic_numerals(6)" executed="True" result="Success" success="True" time="0.000" asserts="1" />
              <test-case name="RomanNumeralsTest.Convert_roman_to_arabic_numerals(5)" executed="True" result="Success" success="True" time="0.000" asserts="1" />
              <test-case name="RomanNumeralsTest.Convert_roman_to_arabic_numerals(4)" executed="True" result="Success" success="True" time="0.000" asserts="1" />
              <test-case name="RomanNumeralsTest.Convert_roman_to_arabic_numerals(3)" executed="True" result="Success" success="True" time="0.000" asserts="1" />
              <test-case name="RomanNumeralsTest.Convert_roman_to_arabic_numerals(2)" executed="True" result="Success" success="True" time="0.000" asserts="1" />
              <test-case name="RomanNumeralsTest.Convert_roman_to_arabic_numerals(1)" executed="True" result="Success" success="True" time="0.000" asserts="1" />
              <test-case name="RomanNumeralsTest.Convert_roman_to_arabic_numerals(0)" executed="True" result="Success" success="True" time="0.000" asserts="1" />
            </results>
          </test-suite>
        </results>
      </test-suite>
    </results>
  </test-suite>
</test-results>