<?xml version="1.0" encoding="utf-8" standalone="no"?>
<!--This file represents the results of running a test suite-->
<test-results name="/Users/orangexception/exercism/csharp/sum-of-multiples/output/SumOfMultiples.dll" total="6" errors="0" failures="0" not-run="0" inconclusive="0" ignored="0" skipped="0" invalid="0" date="2014-11-11" time="19:49:30">
  <environment nunit-version="2.6.3.13283" clr-version="2.0.50727.1433" os-version="Unix 13.4.0.0" platform="Unix" cwd="/Users/orangexception/exercism/csharp/sum-of-multiples" machine-name="BRADLEYs-MacBook-Pro.local" user="orangexception" user-domain="BRADLEYs-MacBook-Pro.local" />
  <culture-info current-culture="en-US" current-uiculture="en-US" />
  <test-suite type="Assembly" name="/Users/orangexception/exercism/csharp/sum-of-multiples/output/SumOfMultiples.dll" executed="True" result="Success" success="True" time="0.034" asserts="0">
    <results>
      <test-suite type="TestFixture" name="SumOfMultiplesTest" executed="True" result="Success" success="True" time="0.028" asserts="0">
        <results>
          <test-case name="SumOfMultiplesTest.Configurable_43_47_to_10000" executed="True" result="Success" success="True" time="0.013" asserts="1" />
          <test-case name="SumOfMultiplesTest.Configurable_7_13_17_to_20" executed="True" result="Success" success="True" time="0.000" asserts="1" />
          <test-case name="SumOfMultiplesTest.Sum_to_1" executed="True" result="Success" success="True" time="0.000" asserts="1" />
          <test-case name="SumOfMultiplesTest.Sum_to_10" executed="True" result="Success" success="True" time="0.000" asserts="1" />
          <test-case name="SumOfMultiplesTest.Sum_to_1000" executed="True" result="Success" success="True" time="0.000" asserts="1" />
          <test-case name="SumOfMultiplesTest.Sum_to_3" executed="True" result="Success" success="True" time="0.000" asserts="1" />
        </results>
      </test-suite>
    </results>
  </test-suite>
</test-results>