<?xml version="1.0" encoding="utf-8" standalone="no"?>
<!--This file represents the results of running a test suite-->
<test-results name="/Users/orangexception/exercism/csharp/twelve-days/output/TwelveDaysSong.dll" total="14" errors="0" failures="0" not-run="0" inconclusive="0" ignored="0" skipped="0" invalid="0" date="2014-11-12" time="08:53:16">
  <environment nunit-version="2.6.3.13283" clr-version="2.0.50727.1433" os-version="Unix 13.4.0.0" platform="Unix" cwd="/Users/orangexception/exercism/csharp/twelve-days" machine-name="BRADLEYs-MacBook-Pro.local" user="orangexception" user-domain="BRADLEYs-MacBook-Pro.local" />
  <culture-info current-culture="en-US" current-uiculture="en-US" />
  <test-suite type="Assembly" name="/Users/orangexception/exercism/csharp/twelve-days/output/TwelveDaysSong.dll" executed="True" result="Success" success="True" time="0.036" asserts="0">
    <results>
      <test-suite type="TestFixture" name="TwelveDaysTest" executed="True" result="Success" success="True" time="0.030" asserts="0">
        <results>
          <test-case name="TwelveDaysTest.Return_entire_song" executed="True" result="Success" success="True" time="0.010" asserts="1" />
          <test-case name="TwelveDaysTest.Return_multiple_verses" executed="True" result="Success" success="True" time="0.000" asserts="1" />
          <test-case name="TwelveDaysTest.Return_verse_1" executed="True" result="Success" success="True" time="0.000" asserts="1" />
          <test-case name="TwelveDaysTest.Return_verse_10" executed="True" result="Success" success="True" time="0.000" asserts="1" />
          <test-case name="TwelveDaysTest.Return_verse_11" executed="True" result="Success" success="True" time="0.000" asserts="1" />
          <test-case name="TwelveDaysTest.Return_verse_12" executed="True" result="Success" success="True" time="0.000" asserts="1" />
          <test-case name="TwelveDaysTest.Return_verse_2" executed="True" result="Success" success="True" time="0.000" asserts="1" />
          <test-case name="TwelveDaysTest.Return_verse_3" executed="True" result="Success" success="True" time="0.000" asserts="1" />
          <test-case name="TwelveDaysTest.Return_verse_4" executed="True" result="Success" success="True" time="0.000" asserts="1" />
          <test-case name="TwelveDaysTest.Return_verse_5" executed="True" result="Success" success="True" time="0.000" asserts="1" />
          <test-case name="TwelveDaysTest.Return_verse_6" executed="True" result="Success" success="True" time="0.000" asserts="1" />
          <test-case name="TwelveDaysTest.Return_verse_7" executed="True" result="Success" success="True" time="0.000" asserts="1" />
          <test-case name="TwelveDaysTest.Return_verse_8" executed="True" result="Success" success="True" time="0.000" asserts="1" />
          <test-case name="TwelveDaysTest.Return_verse_9" executed="True" result="Success" success="True" time="0.000" asserts="1" />
        </results>
      </test-suite>
    </results>
  </test-suite>
</test-results>