<?xml version="1.0" encoding="utf-8" standalone="no"?>
<!--This file represents the results of running a test suite-->
<test-results name="/Users/orangexception/exercism/csharp/leap/output/Leap.dll" total="4" errors="0" failures="0" not-run="0" inconclusive="0" ignored="0" skipped="0" invalid="0" date="2014-11-10" time="20:42:05">
  <environment nunit-version="2.6.3.13283" clr-version="2.0.50727.1433" os-version="Unix 13.4.0.0" platform="Unix" cwd="/Users/orangexception/exercism/csharp/leap" machine-name="BRADLEYs-MacBook-Pro.local" user="orangexception" user-domain="BRADLEYs-MacBook-Pro.local" />
  <culture-info current-culture="en-US" current-uiculture="en-US" />
  <test-suite type="Assembly" name="/Users/orangexception/exercism/csharp/leap/output/Leap.dll" executed="True" result="Success" success="True" time="0.028" asserts="0">
    <results>
      <test-suite type="TestFixture" name="LeapTest" executed="True" result="Success" success="True" time="0.021" asserts="0">
        <results>
          <test-case name="LeapTest.Invalid_leap_year" executed="True" result="Success" success="True" time="0.009" asserts="1" />
          <test-case name="LeapTest.Turn_of_the_20th_century_is_not_a_leap_year" executed="True" result="Success" success="True" time="0.000" asserts="1" />
          <test-case name="LeapTest.Turn_of_the_25th_century_is_a_leap_year" executed="True" result="Success" success="True" time="0.000" asserts="1" />
          <test-case name="LeapTest.Valid_leap_year" executed="True" result="Success" success="True" time="0.000" asserts="1" />
        </results>
      </test-suite>
    </results>
  </test-suite>
</test-results>