<?xml version="1.0" encoding="utf-8" standalone="no"?>
<!--This file represents the results of running a test suite-->
<test-results name="/Users/orangexception/exercism/csharp/phone-number/output/PhoneNumber.dll" total="7" errors="0" failures="0" not-run="0" inconclusive="0" ignored="0" skipped="0" invalid="0" date="2014-11-13" time="21:24:57">
  <environment nunit-version="2.6.3.13283" clr-version="2.0.50727.1433" os-version="Unix 13.4.0.0" platform="Unix" cwd="/Users/orangexception/exercism/csharp/phone-number" machine-name="BRADLEYs-MacBook-Pro.local" user="orangexception" user-domain="BRADLEYs-MacBook-Pro.local" />
  <culture-info current-culture="en-US" current-uiculture="en-US" />
  <test-suite type="Assembly" name="/Users/orangexception/exercism/csharp/phone-number/output/PhoneNumber.dll" executed="True" result="Success" success="True" time="0.034" asserts="0">
    <results>
      <test-suite type="TestFixture" name="PhoneNumberTest" executed="True" result="Success" success="True" time="0.027" asserts="0">
        <results>
          <test-case name="PhoneNumberTest.Allows_us_country_code" executed="True" result="Success" success="True" time="0.011" asserts="1" />
          <test-case name="PhoneNumberTest.Cleans_numbers_with_dots" executed="True" result="Success" success="True" time="0.000" asserts="1" />
          <test-case name="PhoneNumberTest.Cleans_parens_spaces_and_dashes" executed="True" result="Success" success="True" time="0.000" asserts="1" />
          <test-case name="PhoneNumberTest.Formats_a_number" executed="True" result="Success" success="True" time="0.000" asserts="1" />
          <test-case name="PhoneNumberTest.Has_an_area_code" executed="True" result="Success" success="True" time="0.000" asserts="1" />
          <test-case name="PhoneNumberTest.Invalid_when_11_digits" executed="True" result="Success" success="True" time="0.000" asserts="1" />
          <test-case name="PhoneNumberTest.Invalid_when_9_digits" executed="True" result="Success" success="True" time="0.000" asserts="1" />
        </results>
      </test-suite>
    </results>
  </test-suite>
</test-results>