<?xml version="1.0" encoding="utf-8" standalone="no"?>
<!--This file represents the results of running a test suite-->
<test-results name="/Users/orangexception/exercism/csharp/scrabble-score/output/Scrabble.dll" total="9" errors="0" failures="0" not-run="0" inconclusive="0" ignored="0" skipped="0" invalid="0" date="2014-11-13" time="21:25:13">
  <environment nunit-version="2.6.3.13283" clr-version="2.0.50727.1433" os-version="Unix 13.4.0.0" platform="Unix" cwd="/Users/orangexception/exercism/csharp/scrabble-score" machine-name="BRADLEYs-MacBook-Pro.local" user="orangexception" user-domain="BRADLEYs-MacBook-Pro.local" />
  <culture-info current-culture="en-US" current-uiculture="en-US" />
  <test-suite type="Assembly" name="/Users/orangexception/exercism/csharp/scrabble-score/output/Scrabble.dll" executed="True" result="Success" success="True" time="0.140" asserts="0">
    <results>
      <test-suite type="TestFixture" name="ScrabbleScoreTest" executed="True" result="Success" success="True" time="0.134" asserts="0">
        <results>
          <test-case name="ScrabbleScoreTest.Complicated_word_scores_more" executed="True" result="Success" success="True" time="0.015" asserts="1" />
          <test-case name="ScrabbleScoreTest.Convenient_scoring" executed="True" result="Success" success="True" time="0.000" asserts="1" />
          <test-case name="ScrabbleScoreTest.Empty_word_scores_zero" executed="True" result="Success" success="True" time="0.000" asserts="1" />
          <test-case name="ScrabbleScoreTest.Null_scores_zero" executed="True" result="Success" success="True" time="0.000" asserts="1" />
          <test-case name="ScrabbleScoreTest.Scores_are_case_insensitive" executed="True" result="Success" success="True" time="0.000" asserts="1" />
          <test-case name="ScrabbleScoreTest.Scores_other_very_short_word" executed="True" result="Success" success="True" time="0.000" asserts="1" />
          <test-case name="ScrabbleScoreTest.Scores_very_short_word" executed="True" result="Success" success="True" time="0.000" asserts="1" />
          <test-case name="ScrabbleScoreTest.Simple_word_scores_the_number_of_letters" executed="True" result="Success" success="True" time="0.000" asserts="1" />
          <test-case name="ScrabbleScoreTest.Whitespace_scores_zero" executed="True" result="Success" success="True" time="0.000" asserts="1" />
        </results>
      </test-suite>
    </results>
  </test-suite>
</test-results>