<?xml version="1.0" encoding="utf-8" standalone="no"?>
<!--This file represents the results of running a test suite-->
<test-results name="/Users/orangexception/exercism/csharp/meetup/output/Meetup.dll" total="42" errors="0" failures="0" not-run="0" inconclusive="0" ignored="0" skipped="0" invalid="0" date="2014-11-12" time="08:34:31">
  <environment nunit-version="2.6.3.13283" clr-version="2.0.50727.1433" os-version="Unix 13.4.0.0" platform="Unix" cwd="/Users/orangexception/exercism/csharp/meetup" machine-name="BRADLEYs-MacBook-Pro.local" user="orangexception" user-domain="BRADLEYs-MacBook-Pro.local" />
  <culture-info current-culture="en-US" current-uiculture="en-US" />
  <test-suite type="Assembly" name="/Users/orangexception/exercism/csharp/meetup/output/Meetup.dll" executed="True" result="Success" success="True" time="0.074" asserts="0">
    <results>
      <test-suite type="TestFixture" name="MeetupTest" executed="True" result="Success" success="True" time="0.068" asserts="0">
        <results>
          <test-suite type="ParameterizedTest" name="Finds_first_day_of_week_in_a_month" executed="True" result="Success" success="True" time="0.028" asserts="0">
            <results>
              <test-case name="MeetupTest.Finds_first_day_of_week_in_a_month(4,Sunday)" executed="True" result="Success" success="True" time="0.015" asserts="1" />
              <test-case name="MeetupTest.Finds_first_day_of_week_in_a_month(1,Saturday)" executed="True" result="Success" success="True" time="0.000" asserts="1" />
              <test-case name="MeetupTest.Finds_first_day_of_week_in_a_month(11,Friday)" executed="True" result="Success" success="True" time="0.000" asserts="1" />
              <test-case name="MeetupTest.Finds_first_day_of_week_in_a_month(9,Thursday)" executed="True" result="Success" success="True" time="0.000" asserts="1" />
              <test-case name="MeetupTest.Finds_first_day_of_week_in_a_month(7,Wednesday)" executed="True" result="Success" success="True" time="0.000" asserts="1" />
              <test-case name="MeetupTest.Finds_first_day_of_week_in_a_month(5,Tuesday)" executed="True" result="Success" success="True" time="0.000" asserts="1" />
              <test-case name="MeetupTest.Finds_first_day_of_week_in_a_month(3,Monday)" executed="True" result="Success" success="True" time="0.000" asserts="1" />
            </results>
          </test-suite>
          <test-suite type="ParameterizedTest" name="Finds_first_teenth_day_of_week_in_a_month" executed="True" result="Success" success="True" time="0.006" asserts="0">
            <results>
              <test-case name="MeetupTest.Finds_first_teenth_day_of_week_in_a_month(10,Sunday)" executed="True" result="Success" success="True" time="0.000" asserts="1" />
              <test-case name="MeetupTest.Finds_first_teenth_day_of_week_in_a_month(2,Saturday)" executed="True" result="Success" success="True" time="0.000" asserts="1" />
              <test-case name="MeetupTest.Finds_first_teenth_day_of_week_in_a_month(4,Friday)" executed="True" result="Success" success="True" time="0.000" asserts="1" />
              <test-case name="MeetupTest.Finds_first_teenth_day_of_week_in_a_month(5,Thursday)" executed="True" result="Success" success="True" time="0.000" asserts="1" />
              <test-case name="MeetupTest.Finds_first_teenth_day_of_week_in_a_month(1,Wednesday)" executed="True" result="Success" success="True" time="0.000" asserts="1" />
              <test-case name="MeetupTest.Finds_first_teenth_day_of_week_in_a_month(3,Tuesday)" executed="True" result="Success" success="True" time="0.000" asserts="1" />
              <test-case name="MeetupTest.Finds_first_teenth_day_of_week_in_a_month(5,Monday)" executed="True" result="Success" success="True" time="0.000" asserts="1" />
            </results>
          </test-suite>
          <test-suite type="ParameterizedTest" name="Finds_fourth_day_of_week_in_a_month" executed="True" result="Success" success="True" time="0.006" asserts="0">
            <results>
              <test-case name="MeetupTest.Finds_fourth_day_of_week_in_a_month(4,Sunday)" executed="True" result="Success" success="True" time="0.000" asserts="1" />
              <test-case name="MeetupTest.Finds_fourth_day_of_week_in_a_month(2,Saturday)" executed="True" result="Success" success="True" time="0.000" asserts="1" />
              <test-case name="MeetupTest.Finds_fourth_day_of_week_in_a_month(12,Friday)" executed="True" result="Success" success="True" time="0.000" asserts="1" />
              <test-case name="MeetupTest.Finds_fourth_day_of_week_in_a_month(9,Thursday)" executed="True" result="Success" success="True" time="0.000" asserts="1" />
              <test-case name="MeetupTest.Finds_fourth_day_of_week_in_a_month(7,Wednesday)" executed="True" result="Success" success="True" time="0.000" asserts="1" />
              <test-case name="MeetupTest.Finds_fourth_day_of_week_in_a_month(5,Tuesday)" executed="True" result="Success" success="True" time="0.000" asserts="1" />
              <test-case name="MeetupTest.Finds_fourth_day_of_week_in_a_month(3,Monday)" executed="True" result="Success" success="True" time="0.000" asserts="1" />
            </results>
          </test-suite>
          <test-suite type="ParameterizedTest" name="Finds_last_day_of_week_in_a_month" executed="True" result="Success" success="True" time="0.006" asserts="0">
            <results>
              <test-case name="MeetupTest.Finds_last_day_of_week_in_a_month(3,Sunday)" executed="True" result="Success" success="True" time="0.001" asserts="1" />
              <test-case name="MeetupTest.Finds_last_day_of_week_in_a_month(2,Saturday)" executed="True" result="Success" success="True" time="0.000" asserts="1" />
              <test-case name="MeetupTest.Finds_last_day_of_week_in_a_month(12,Friday)" executed="True" result="Success" success="True" time="0.000" asserts="1" />
              <test-case name="MeetupTest.Finds_last_day_of_week_in_a_month(9,Thursday)" executed="True" result="Success" success="True" time="0.000" asserts="1" />
              <test-case name="MeetupTest.Finds_last_day_of_week_in_a_month(7,Wednesday)" executed="True" result="Success" success="True" time="0.000" asserts="1" />
              <test-case name="MeetupTest.Finds_last_day_of_week_in_a_month(5,Tuesday)" executed="True" result="Success" success="True" time="0.000" asserts="1" />
              <test-case name="MeetupTest.Finds_last_day_of_week_in_a_month(3,Monday)" executed="True" result="Success" success="True" time="0.000" asserts="1" />
            </results>
          </test-suite>
          <test-suite type="ParameterizedTest" name="Finds_second_day_of_week_in_a_month" executed="True" result="Success" success="True" time="0.005" asserts="0">
            <results>
              <test-case name="MeetupTest.Finds_second_day_of_week_in_a_month(4,Sunday)" executed="True" result="Success" success="True" time="0.000" asserts="1" />
              <test-case name="MeetupTest.Finds_second_day_of_week_in_a_month(2,Saturday)" executed="True" result="Success" success="True" time="0.000" asserts="1" />
              <test-case name="MeetupTest.Finds_second_day_of_week_in_a_month(12,Friday)" executed="True" result="Success" success="True" time="0.000" asserts="1" />
              <test-case name="MeetupTest.Finds_second_day_of_week_in_a_month(9,Thursday)" executed="True" result="Success" success="True" time="0.000" asserts="1" />
              <test-case name="MeetupTest.Finds_second_day_of_week_in_a_month(7,Wednesday)" executed="True" result="Success" success="True" time="0.000" asserts="1" />
              <test-case name="MeetupTest.Finds_second_day_of_week_in_a_month(5,Tuesday)" executed="True" result="Success" success="True" time="0.000" asserts="1" />
              <test-case name="MeetupTest.Finds_second_day_of_week_in_a_month(3,Monday)" executed="True" result="Success" success="True" time="0.000" asserts="1" />
            </results>
          </test-suite>
          <test-suite type="ParameterizedTest" name="Finds_third_day_of_week_in_a_month" executed="True" result="Success" success="True" time="0.005" asserts="0">
            <results>
              <test-case name="MeetupTest.Finds_third_day_of_week_in_a_month(4,Sunday)" executed="True" result="Success" success="True" time="0.000" asserts="1" />
              <test-case name="MeetupTest.Finds_third_day_of_week_in_a_month(2,Saturday)" executed="True" result="Success" success="True" time="0.000" asserts="1" />
              <test-case name="MeetupTest.Finds_third_day_of_week_in_a_month(12,Friday)" executed="True" result="Success" success="True" time="0.000" asserts="1" />
              <test-case name="MeetupTest.Finds_third_day_of_week_in_a_month(9,Thursday)" executed="True" result="Success" success="True" time="0.000" asserts="1" />
              <test-case name="MeetupTest.Finds_third_day_of_week_in_a_month(7,Wednesday)" executed="True" result="Success" success="True" time="0.000" asserts="1" />
              <test-case name="MeetupTest.Finds_third_day_of_week_in_a_month(5,Tuesday)" executed="True" result="Success" success="True" time="0.000" asserts="1" />
              <test-case name="MeetupTest.Finds_third_day_of_week_in_a_month(3,Monday)" executed="True" result="Success" success="True" time="0.000" asserts="1" />
            </results>
          </test-suite>
        </results>
      </test-suite>
    </results>
  </test-suite>
</test-results>